<?xml version="1.0" encoding="UTF-8"?>
<robot generator="Robot 3.0.4 (Python 3.7.1 on win32)" generated="20190127 20:42:05.154">
<suite id="s1" name="Ivon Tests" source="E:\github上传文件\Selenium\day06\WebDemo\ivon_tests">
<suite id="s1-s1" name="Invalid Log" source="E:\github上传文件\Selenium\day06\WebDemo\ivon_tests\invalid_log.robot">
<kw name="打开注册页面" library="resourse" type="setup">
<kw name="No Operation" library="BuiltIn">
<doc>Does absolutely nothing.</doc>
<status status="NOT_RUN" starttime="20190127 20:42:05.383" endtime="20190127 20:42:05.383"></status>
</kw>
<status status="PASS" starttime="20190127 20:42:05.382" endtime="20190127 20:42:05.383"></status>
</kw>
<test id="s1-s1-t1" name="用户名为空">
<kw name="用户注册失败的场景">
<arguments>
<arg>${EMPTY}</arg>
<arg>${valid_password}</arg>
<arg>${valid_password}</arg>
<arg>${valid_email}</arg>
</arguments>
<kw name="No Operation" library="BuiltIn">
<doc>Does absolutely nothing.</doc>
<status status="NOT_RUN" starttime="20190127 20:42:05.386" endtime="20190127 20:42:05.386"></status>
</kw>
<status status="PASS" starttime="20190127 20:42:05.385" endtime="20190127 20:42:05.386"></status>
</kw>
<status status="PASS" starttime="20190127 20:42:05.383" endtime="20190127 20:42:05.386" critical="yes"></status>
</test>
<test id="s1-s1-t2" name="密码为空">
<kw name="用户注册失败的场景">
<arguments>
<arg>${valid_username}</arg>
<arg>${EMPTY}</arg>
<arg>${valid_password}</arg>
<arg>${valid_email}</arg>
</arguments>
<kw name="No Operation" library="BuiltIn">
<doc>Does absolutely nothing.</doc>
<status status="NOT_RUN" starttime="20190127 20:42:05.388" endtime="20190127 20:42:05.389"></status>
</kw>
<status status="PASS" starttime="20190127 20:42:05.388" endtime="20190127 20:42:05.389"></status>
</kw>
<status status="PASS" starttime="20190127 20:42:05.387" endtime="20190127 20:42:05.389" critical="yes"></status>
</test>
<test id="s1-s1-t3" name="再次输入密码为空">
<kw name="用户注册失败的场景">
<arguments>
<arg>${valid_username}</arg>
<arg>${valid_password}</arg>
<arg>${EMPTY}</arg>
<arg>${valid_email}</arg>
</arguments>
<kw name="No Operation" library="BuiltIn">
<doc>Does absolutely nothing.</doc>
<status status="NOT_RUN" starttime="20190127 20:42:05.393" endtime="20190127 20:42:05.393"></status>
</kw>
<status status="PASS" starttime="20190127 20:42:05.392" endtime="20190127 20:42:05.393"></status>
</kw>
<status status="PASS" starttime="20190127 20:42:05.389" endtime="20190127 20:42:05.393" critical="yes"></status>
</test>
<test id="s1-s1-t4" name="email为空">
<kw name="用户注册失败的场景">
<arguments>
<arg>${valid_username}</arg>
<arg>${valid_password}</arg>
<arg>${valid_email}</arg>
<arg>${EMPTY}</arg>
</arguments>
<kw name="No Operation" library="BuiltIn">
<doc>Does absolutely nothing.</doc>
<status status="NOT_RUN" starttime="20190127 20:42:05.395" endtime="20190127 20:42:05.395"></status>
</kw>
<status status="PASS" starttime="20190127 20:42:05.394" endtime="20190127 20:42:05.395"></status>
</kw>
<kw name="用户注册失败的场景">
<arguments>
<arg>No Operation</arg>
</arguments>
<msg timestamp="20190127 20:42:05.396" level="FAIL">Keyword '用户注册失败的场景' expected 4 arguments, got 1.</msg>
<status status="FAIL" starttime="20190127 20:42:05.395" endtime="20190127 20:42:05.396"></status>
</kw>
<status status="FAIL" starttime="20190127 20:42:05.393" endtime="20190127 20:42:05.396" critical="yes">Keyword '用户注册失败的场景' expected 4 arguments, got 1.</status>
</test>
<doc>测试注册失败的例子</doc>
<status status="FAIL" starttime="20190127 20:42:05.190" endtime="20190127 20:42:05.397"></status>
</suite>
<suite id="s1-s2" name="Login" source="E:\github上传文件\Selenium\day06\WebDemo\ivon_tests\login.robot">
<test id="s1-s2-t1" name="删除帖子">
<kw name="No Operation" library="BuiltIn">
<doc>Does absolutely nothing.</doc>
<status status="NOT_RUN" starttime="20190127 20:42:05.408" endtime="20190127 20:42:05.408"></status>
</kw>
<kw name="No Operation" library="BuiltIn">
<doc>Does absolutely nothing.</doc>
<status status="NOT_RUN" starttime="20190127 20:42:05.408" endtime="20190127 20:42:05.408"></status>
</kw>
<tags>
<tag>smoke_testing</tag>
</tags>
<status status="PASS" starttime="20190127 20:42:05.406" endtime="20190127 20:42:05.408" critical="yes"></status>
</test>
<doc>test login</doc>
<status status="PASS" starttime="20190127 20:42:05.400" endtime="20190127 20:42:05.409"></status>
</suite>
<status status="FAIL" starttime="20190127 20:42:05.158" endtime="20190127 20:42:05.410"></status>
</suite>
<statistics>
<total>
<stat pass="4" fail="1">Critical Tests</stat>
<stat pass="4" fail="1">All Tests</stat>
</total>
<tag>
<stat pass="1" fail="0">smoke_testing</stat>
</tag>
<suite>
<stat pass="4" fail="1" id="s1" name="Ivon Tests">Ivon Tests</stat>
<stat pass="3" fail="1" id="s1-s1" name="Invalid Log">Ivon Tests.Invalid Log</stat>
<stat pass="1" fail="0" id="s1-s2" name="Login">Ivon Tests.Login</stat>
</suite>
</statistics>
<errors>
<msg timestamp="20190127 20:42:05.100" level="ERROR">Error in file 'E:\github上传文件\Selenium\day06\WebDemo\ivon_tests\invalid_log.robot': Non-existing setting ''.</msg>
<msg timestamp="20190127 20:42:05.122" level="ERROR">Error in file 'E:\github上传文件\Selenium\day06\WebDemo\ivon_tests\login.robot': Non-existing setting ''.</msg>
<msg timestamp="20190127 20:42:05.146" level="ERROR">Error in file 'E:\github上传文件\Selenium\day06\WebDemo\ivon_tests\resourse.robot': Non-existing setting ''.</msg>
<msg timestamp="20190127 20:42:05.375" level="ERROR">Error in file 'E:\github上传文件\Selenium\day06\WebDemo\ivon_tests\resourse.robot': Non-existing setting ''.</msg>
<msg timestamp="20190127 20:42:05.378" level="ERROR">Error in file 'E:\github上传文件\Selenium\day06\WebDemo\ivon_tests\resourse.robot': Setting variable '' failed: Invalid variable name ''.</msg>
<msg timestamp="20190127 20:42:05.401" level="ERROR">Error in file 'E:\github上传文件\Selenium\day06\WebDemo\ivon_tests\login.robot': Setting variable '' failed: Invalid variable name ''.</msg>
<msg timestamp="20190127 20:42:05.405" level="ERROR">Error in file 'E:\github上传文件\Selenium\day06\WebDemo\ivon_tests\login.robot': Importing test library 'util' failed: ModuleNotFoundError: No module named 'util'
Traceback (most recent call last):
  None
PYTHONPATH:
  E:\github上传文件\Selenium\day06\WebDemo
  D:\Users\Administrator\AppData\Local\Programs\Python\Python37-32\python37.zip
  D:\Users\Administrator\AppData\Local\Programs\Python\Python37-32\DLLs
  D:\Users\Administrator\AppData\Local\Programs\Python\Python37-32\lib
  D:\Users\Administrator\AppData\Local\Programs\Python\Python37-32
  C:\Users\Administrator\AppData\Roaming\Python\Python37\site-packages
  D:\Users\Administrator\AppData\Local\Programs\Python\Python37-32\lib\site-packages</msg>
</errors>
</robot>
